sample.interval=20000
"exists" "findCenvVar" "getInlineInfo" "isBaseVar" "getFoldFun" "constantFoldCall" "constantFold" "cmp" "cmpSubsetDispatch" "h" "tryInline" "cmpCall" "cmp" "genCode" "cb$putconst" "cmpCallArgs" "cmpCallSymFun" "cmpCall" "cmp" "cmpSymbolAssign" "h" "tryInline" "cmpCall" "cmp" "h" "tryInline" "cmpCall" "cmp" "genCode" "cmpfun" "doTryCatch" "tryCatchOne" "tryCatchList" "tryCatch" "compiler:::tryCmpfun" "clust_compare" "eval" "eval" "withVisible" "source" 
"cb$setcurloc" "h" "tryInline" "cmpCall" "cmp" "h" "tryInline" "cmpCall" "cmp" "h" "tryInline" "cmpCall" "cmp" "cmpForBody" "h" "tryInline" "cmpCall" "cmp" "h" "tryInline" "cmpCall" "cmp" "genCode" "cmpfun" "doTryCatch" "tryCatchOne" "tryCatchList" "tryCatch" "compiler:::tryCmpfun" "clust_compare" "eval" "eval" "withVisible" "source" 
"exists" "findCenvVar" "getInlineInfo" "isBaseVar" "getFoldFun" "constantFoldCall" "constantFold" "cmp" "cmpIndices" "cmpSubsetDispatch" "h" "tryInline" "cmpCall" "cmp" "cmpSymbolAssign" "h" "tryInline" "cmpCall" "cmp" "h" "tryInline" "cmpCall" "cmp" "h" "tryInline" "cmpCall" "cmp" "h" "tryInline" "cmpCall" "cmp" "h" "tryInline" "cmpCall" "cmp" "h" "tryInline" "cmpCall" "cmp" "cmpForBody" "h" "tryInline" "cmpCall" "cmp" "h" "tryInline" "cmpCall" "cmp" "genCode" "cmpfun" "doTryCatch" "tryCatchOne" "tryCatchList" "tryCatch" "compiler:::tryCmpfun" "clust_compare" "eval" "eval" "withVisible" "source" 
"as.list" "lapply" "FUN" "lapply" "findLocalsList1" "findLocalsList" "funEnv" "make.functionContext" "cmpfun" "doTryCatch" "tryCatchOne" "tryCatchList" "tryCatch" "compiler:::tryCmpfun" "cluster_kmeans_basic" "clust_compare" "eval" "eval" "withVisible" "source" 
"checkCall" "cmpCall" "cmp" "genCode" "cb$putconst" "cmpCallArgs" "cmpCallSymFun" "cmpCall" "cmp" "genCode" "cb$putconst" "cmpCallArgs" "cmpCallSymFun" "cmpCall" "cmp" "cmpSymbolAssign" "h" "tryInline" "cmpCall" "cmp" "h" "tryInline" "cmpCall" "cmp" "h" "tryInline" "cmpCall" "cmp" "h" "tryInline" "cmpCall" "cmp" "genCode" "cmpfun" "doTryCatch" "tryCatchOne" "tryCatchList" "tryCatch" "compiler:::tryCmpfun" "cluster_kmeans_basic" "clust_compare" "eval" "eval" "withVisible" "source" 
"dots.or.missing" "h" "tryInline" "cmpCall" "cmp" "genCode" "cb$putconst" "cmpCallArgs" "cmpCallSymFun" "cmpCall" "cmp" "genCode" "cb$putconst" "cmpCallArgs" "cmpCallSymFun" "cmpCall" "cmp" "cmpSymbolAssign" "h" "tryInline" "cmpCall" "cmp" "h" "tryInline" "cmpCall" "cmp" "genCode" "cmpfun" "doTryCatch" "tryCatchOne" "tryCatchList" "tryCatch" "compiler:::tryCmpfun" "cluster_kmeans_basic" "clust_compare" "eval" "eval" "withVisible" "source" 
"apply" "scale.default" "scale" "t" "cluster_kmeans_basic" "clust_compare" "eval" "eval" "withVisible" "source" 
"findLocVar" "cmpCall" "cmp" "cmpSymbolAssign" "h" "tryInline" "cmpCall" "cmp" "h" "tryInline" "cmpCall" "cmp" "genCode" "cmpfun" "doTryCatch" "tryCatchOne" "tryCatchList" "tryCatch" "compiler:::tryCmpfun" "kmeans_skip_nan" "cluster_kmeans_basic" "clust_compare" "eval" "eval" "withVisible" "source" 
"findCenvVar" "getInlineInfo" "tryInline" "cmpCall" "cmp" "h" "tryInline" "cmpCall" "cmp" "h" "tryInline" "cmpCall" "cmp" "h" "tryInline" "cmpCall" "cmp" "cmpForBody" "h" "tryInline" "cmpCall" "cmp" "h" "tryInline" "cmpCall" "cmp" "genCode" "cmpfun" "doTryCatch" "tryCatchOne" "tryCatchList" "tryCatch" "compiler:::tryCmpfun" "kmeans_skip_nan" "cluster_kmeans_basic" "clust_compare" "eval" "eval" "withVisible" "source" 
"sys.call" "%in%" "[[.data.frame" "[[" "data.matrix" "norm" "FUN" "lapply" "kmeans_skip_nan" "cluster_kmeans_basic" "clust_compare" "eval" "eval" "withVisible" "source" 
"data.frame" "FUN" "lapply" "kmeans_skip_nan" "cluster_kmeans_basic" "clust_compare" "eval" "eval" "withVisible" "source" 
"lapply" "kmeans_skip_nan" "cluster_kmeans_basic" "clust_compare" "eval" "eval" "withVisible" "source" 
"as.list" "<Anonymous>" "do.call" "as.data.frame.list" "as.data.frame" "data.frame" "Ops.data.frame" "na.omit" "is.data.frame" "data.matrix" "norm" "FUN" "lapply" "kmeans_skip_nan" "cluster_kmeans_basic" "clust_compare" "eval" "eval" "withVisible" "source" 
"data.frame" "FUN" "lapply" "kmeans_skip_nan" "cluster_kmeans_basic" "clust_compare" "eval" "eval" "withVisible" "source" 
"is.na" "na.omit.data.frame" "na.omit" "is.data.frame" "data.matrix" "norm" "FUN" "lapply" "kmeans_skip_nan" "cluster_kmeans_basic" "clust_compare" "eval" "eval" "withVisible" "source" 
"isFALSE" "data.matrix" "norm" "FUN" "lapply" "kmeans_skip_nan" "cluster_kmeans_basic" "clust_compare" "eval" "eval" "withVisible" "source" 
"rbind" "f" "Reduce" "kmeans_skip_nan" "cluster_kmeans_basic" "clust_compare" "eval" "eval" "withVisible" "source" 
"%in%" "getInlineInfo" "tryInline" "cmpCall" "cmp" "h" "tryInline" "cmpCall" "cmp" "h" "tryInline" "cmpCall" "cmp" "cmpForBody" "h" "tryInline" "cmpCall" "cmp" "h" "tryInline" "cmpCall" "cmp" "genCode" "cmpfun" "doTryCatch" "tryCatchOne" "tryCatchList" "tryCatch" "compiler:::tryCmpfun" "FUN" "lapply" "kmeans_skip_nan" "cluster_kmeans_basic" "clust_compare" "eval" "eval" "withVisible" "source" 
"[[.data.frame" "[[" "data.matrix" "norm" "FUN" "lapply" "kmeans_skip_nan" "cluster_kmeans_basic" "clust_compare" "eval" "eval" "withVisible" "source" 
"match.arg" "order" "make.names" "data.frame" "FUN" "lapply" "kmeans_skip_nan" "cluster_kmeans_basic" "clust_compare" "eval" "eval" "withVisible" "source" 
"[.data.frame" "[" "FUN" "lapply" "kmeans_skip_nan" "cluster_kmeans_basic" "clust_compare" "eval" "eval" "withVisible" "source" 
"%in%" ".deparseOpts" "deparse" "mode" "%in%" "deparse" "paste" "deparse1" "force" "as.data.frame.numeric" "as.data.frame" "<Anonymous>" "do.call" "as.data.frame.list" "as.data.frame" "data.frame" "Ops.data.frame" "na.omit" "is.data.frame" "data.matrix" "norm" "FUN" "lapply" "kmeans_skip_nan" "cluster_kmeans_basic" "clust_compare" "eval" "eval" "withVisible" "source" 
"[.data.frame" "[" "FUN" "lapply" "kmeans_skip_nan" "cluster_kmeans_basic" "clust_compare" "eval" "eval" "withVisible" "source" 
"any" ".deparseOpts" "deparse" "paste" "deparse1" "force" "as.data.frame.numeric" "as.data.frame" "<Anonymous>" "do.call" "as.data.frame.list" "as.data.frame" "data.frame" "Ops.data.frame" "na.omit" "is.data.frame" "data.matrix" "norm" "FUN" "lapply" "kmeans_skip_nan" "cluster_kmeans_basic" "clust_compare" "eval" "eval" "withVisible" "source" 
"deparse" "paste" "deparse1" "force" "as.data.frame.numeric" "as.data.frame" "<Anonymous>" "do.call" "as.data.frame.list" "as.data.frame" "data.frame" "Ops.data.frame" "na.omit" "is.data.frame" "data.matrix" "norm" "FUN" "lapply" "kmeans_skip_nan" "cluster_kmeans_basic" "clust_compare" "eval" "eval" "withVisible" "source" 
"%in%" "[[.data.frame" "[[" "[.data.frame" "[" "na.omit.data.frame" "na.omit" "is.data.frame" "data.matrix" "norm" "FUN" "lapply" "kmeans_skip_nan" "cluster_kmeans_basic" "clust_compare" "eval" "eval" "withVisible" "source" 
"matrix" "data.matrix" "norm" "FUN" "lapply" "kmeans_skip_nan" "cluster_kmeans_basic" "clust_compare" "eval" "eval" "withVisible" "source" 
"matrix" "data.matrix" "norm" "FUN" "lapply" "kmeans_skip_nan" "cluster_kmeans_basic" "clust_compare" "eval" "eval" "withVisible" "source" 
"do.call" "as.data.frame.list" "as.data.frame" "data.frame" "Ops.data.frame" "na.omit" "is.data.frame" "data.matrix" "norm" "FUN" "lapply" "kmeans_skip_nan" "cluster_kmeans_basic" "clust_compare" "eval" "eval" "withVisible" "source" 
"anyDuplicated" "[.data.frame" "[" "na.omit" "is.data.frame" "data.matrix" "norm" "FUN" "lapply" "kmeans_skip_nan" "cluster_kmeans_basic" "clust_compare" "eval" "eval" "withVisible" "source" 
"deparse" "paste" "deparse1" "force" "as.data.frame.numeric" "as.data.frame" "<Anonymous>" "do.call" "as.data.frame.list" "as.data.frame" "data.frame" "Ops.data.frame" "na.omit" "is.data.frame" "data.matrix" "norm" "FUN" "lapply" "kmeans_skip_nan" "cluster_kmeans_basic" "clust_compare" "eval" "eval" "withVisible" "source" 
"deparse" "paste" "deparse1" "force" "as.data.frame.numeric" "as.data.frame" "<Anonymous>" "do.call" "as.data.frame.list" "as.data.frame" "data.frame" "Ops.data.frame" "na.omit" "is.data.frame" "data.matrix" "norm" "FUN" "lapply" "kmeans_skip_nan" "cluster_kmeans_basic" "clust_compare" "eval" "eval" "withVisible" "source" 
"norm" "FUN" "lapply" "kmeans_skip_nan" "cluster_kmeans_basic" "clust_compare" "eval" "eval" "withVisible" "source" 
"as.factor" "split.default" "split" "Ops.data.frame" "na.omit" "is.data.frame" "data.matrix" "norm" "FUN" "lapply" "kmeans_skip_nan" "cluster_kmeans_basic" "clust_compare" "eval" "eval" "withVisible" "source" 
"all" "[[.data.frame" "[[" "[.data.frame" "[" "na.omit.data.frame" "na.omit" "is.data.frame" "data.matrix" "norm" "FUN" "lapply" "kmeans_skip_nan" "cluster_kmeans_basic" "clust_compare" "eval" "eval" "withVisible" "source" 
"<Anonymous>" "do.call" "as.data.frame.list" "as.data.frame" "data.frame" "Ops.data.frame" "na.omit" "is.data.frame" "data.matrix" "norm" "FUN" "lapply" "kmeans_skip_nan" "cluster_kmeans_basic" "clust_compare" "eval" "eval" "withVisible" "source" 
"as.data.frame.numeric" "as.data.frame" "<Anonymous>" "do.call" "as.data.frame.list" "as.data.frame" "data.frame" "Ops.data.frame" "na.omit" "is.data.frame" "data.matrix" "norm" "FUN" "lapply" "kmeans_skip_nan" "cluster_kmeans_basic" "clust_compare" "eval" "eval" "withVisible" "source" 
"names" "names" "<Anonymous>" "do.call" "as.data.frame.list" "as.data.frame" "data.frame" "Ops.data.frame" "na.omit" "is.data.frame" "data.matrix" "norm" "FUN" "lapply" "kmeans_skip_nan" "cluster_kmeans_basic" "clust_compare" "eval" "eval" "withVisible" "source" 
"[.data.frame" "[" "na.omit.data.frame" "na.omit" "is.data.frame" "data.matrix" "norm" "FUN" "lapply" "kmeans_skip_nan" "cluster_kmeans_basic" "clust_compare" "eval" "eval" "withVisible" "source" 
"attr" "[.data.frame" "[" "na.omit" "is.data.frame" "data.matrix" "norm" "FUN" "lapply" "kmeans_skip_nan" "cluster_kmeans_basic" "clust_compare" "eval" "eval" "withVisible" "source" 
"as.data.frame.list" "as.data.frame" "data.frame" "Ops.data.frame" "na.omit" "is.data.frame" "data.matrix" "norm" "FUN" "lapply" "kmeans_skip_nan" "cluster_kmeans_basic" "clust_compare" "eval" "eval" "withVisible" "source" 
"Make.row.names" "rbind" "f" "Reduce" "kmeans_skip_nan" "cluster_kmeans_basic" "clust_compare" "eval" "eval" "withVisible" "source" 
"findCenvVar" "findVar" "cmpSym" "cmp" "h" "tryInline" "cmpCall" "cmp" "h" "tryInline" "cmpCall" "cmp" "genCode" "cmpfun" "doTryCatch" "tryCatchOne" "tryCatchList" "tryCatch" "compiler:::tryCmpfun" "FUN" "lapply" "kmeans_skip_nan" "cluster_kmeans_basic" "clust_compare" "eval" "eval" "withVisible" "source" 
"parent.env" "findCenvVar" "getInlineInfo" "isBaseVar" "getFoldFun" "constantFoldCall" "constantFold" "cmp" "cmpPrim2" "h" "tryInline" "cmpCall" "cmp" "h" "tryInline" "cmpCall" "cmp" "genCode" "cb$putconst" "cmpCallArgs" "cmpCallSymFun" "cmpCall" "cmp" "cmpSymbolAssign" "h" "tryInline" "cmpCall" "cmp" "h" "tryInline" "cmpCall" "cmp" "genCode" "cmpfun" "doTryCatch" "tryCatchOne" "tryCatchList" "tryCatch" "compiler:::tryCmpfun" "FUN" "lapply" "kmeans_skip_nan" "cluster_kmeans_basic" "clust_compare" "eval" "eval" "withVisible" "source" 
"do.call" "as.data.frame.list" "as.data.frame" "data.frame" "Ops.data.frame" "na.omit" "is.data.frame" "data.matrix" "norm" "FUN" "lapply" "kmeans_skip_nan" "cluster_kmeans_basic" "clust_compare" "eval" "eval" "withVisible" "source" 
"any" "na.omit.data.frame" "na.omit" "is.data.frame" "data.matrix" "norm" "FUN" "lapply" "kmeans_skip_nan" "cluster_kmeans_basic" "clust_compare" "eval" "eval" "withVisible" "source" 
"[.data.frame" "[" "na.omit" "is.data.frame" "data.matrix" "norm" "FUN" "lapply" "kmeans_skip_nan" "cluster_kmeans_basic" "clust_compare" "eval" "eval" "withVisible" "source" 
".deparseOpts" "deparse" "paste" "deparse1" "force" "as.data.frame.numeric" "as.data.frame" "<Anonymous>" "do.call" "as.data.frame.list" "as.data.frame" "data.frame" "Ops.data.frame" "na.omit" "is.data.frame" "data.matrix" "norm" "FUN" "lapply" "kmeans_skip_nan" "cluster_kmeans_basic" "clust_compare" "eval" "eval" "withVisible" "source" 
"row.names<-.data.frame" "row.names<-" "data.frame" "Ops.data.frame" "na.omit" "is.data.frame" "data.matrix" "norm" "FUN" "lapply" "kmeans_skip_nan" "cluster_kmeans_basic" "clust_compare" "eval" "eval" "withVisible" "source" 
"<Anonymous>" "do.call" "as.data.frame.list" "as.data.frame" "data.frame" "Ops.data.frame" "na.omit" "is.data.frame" "data.matrix" "norm" "FUN" "lapply" "kmeans_skip_nan" "cluster_kmeans_basic" "clust_compare" "eval" "eval" "withVisible" "source" 
"length" "length" "data.frame" "Ops.data.frame" "na.omit" "is.data.frame" "data.matrix" "norm" "FUN" "lapply" "kmeans_skip_nan" "cluster_kmeans_basic" "clust_compare" "eval" "eval" "withVisible" "source" 
"Ops.data.frame" "na.omit" "is.data.frame" "data.matrix" "norm" "FUN" "lapply" "kmeans_skip_nan" "cluster_kmeans_basic" "clust_compare" "eval" "eval" "withVisible" "source" 
"as.data.frame" "data.frame" "FUN" "lapply" "kmeans_skip_nan" "cluster_kmeans_basic" "clust_compare" "eval" "eval" "withVisible" "source" 
"c" "structure" "as.data.frame.numeric" "as.data.frame" "<Anonymous>" "do.call" "as.data.frame.list" "as.data.frame" "data.frame" "Ops.data.frame" "na.omit" "is.data.frame" "data.matrix" "norm" "FUN" "lapply" "kmeans_skip_nan" "cluster_kmeans_basic" "clust_compare" "eval" "eval" "withVisible" "source" 
"[[" "data.matrix" "norm" "FUN" "lapply" "kmeans_skip_nan" "cluster_kmeans_basic" "clust_compare" "eval" "eval" "withVisible" "source" 
"%in%" "[[.data.frame" "[[" "[.data.frame" "[" "na.omit" "is.data.frame" "data.matrix" "norm" "FUN" "lapply" "kmeans_skip_nan" "cluster_kmeans_basic" "clust_compare" "eval" "eval" "withVisible" "source" 
"[[" "na.omit.data.frame" "na.omit" "is.data.frame" "data.matrix" "norm" "FUN" "lapply" "kmeans_skip_nan" "cluster_kmeans_basic" "clust_compare" "eval" "eval" "withVisible" "source" 
"unlist" "data.matrix" "norm" "FUN" "lapply" "kmeans_skip_nan" "cluster_kmeans_basic" "clust_compare" "eval" "eval" "withVisible" "source" 
"eval" "Ops.data.frame" "na.omit" "is.data.frame" "data.matrix" "norm" "FUN" "lapply" "kmeans_skip_nan" "cluster_kmeans_basic" "clust_compare" "eval" "eval" "withVisible" "source" 
".deparseOpts" "deparse" "mode" "%in%" "deparse" "paste" "deparse1" "force" "as.data.frame.numeric" "as.data.frame" "data.frame" "FUN" "lapply" "kmeans_skip_nan" "cluster_kmeans_basic" "clust_compare" "eval" "eval" "withVisible" "source" 
"anyDuplicated" ".rowNamesDF<-" "row.names<-.data.frame" "row.names<-" "data.frame" "Ops.data.frame" "na.omit" "is.data.frame" "data.matrix" "norm" "FUN" "lapply" "kmeans_skip_nan" "cluster_kmeans_basic" "clust_compare" "eval" "eval" "withVisible" "source" 
"data.frame" "FUN" "lapply" "kmeans_skip_nan" "cluster_kmeans_basic" "clust_compare" "eval" "eval" "withVisible" "source" 
"data.frame" "Ops.data.frame" "na.omit" "is.data.frame" "data.matrix" "norm" "FUN" "lapply" "kmeans_skip_nan" "cluster_kmeans_basic" "clust_compare" "eval" "eval" "withVisible" "source" 
"pmatch" ".deparseOpts" "deparse" "mode" "%in%" "deparse" "paste" "deparse1" "force" "as.data.frame.numeric" "as.data.frame" "<Anonymous>" "do.call" "as.data.frame.list" "as.data.frame" "data.frame" "Ops.data.frame" "na.omit" "is.data.frame" "data.matrix" "norm" "FUN" "lapply" "kmeans_skip_nan" "cluster_kmeans_basic" "clust_compare" "eval" "eval" "withVisible" "source" 
"<Anonymous>" "do.call" "as.data.frame.list" "as.data.frame" "data.frame" "Ops.data.frame" "na.omit" "is.data.frame" "data.matrix" "norm" "FUN" "lapply" "kmeans_skip_nan" "cluster_kmeans_basic" "clust_compare" "eval" "eval" "withVisible" "source" 
"as.list" "<Anonymous>" "do.call" "as.data.frame.list" "as.data.frame" "data.frame" "Ops.data.frame" "na.omit" "is.data.frame" "data.matrix" "norm" "FUN" "lapply" "kmeans_skip_nan" "cluster_kmeans_basic" "clust_compare" "eval" "eval" "withVisible" "source" 
"deparse" "mode" "%in%" "deparse" "paste" "deparse1" "force" "as.data.frame.numeric" "as.data.frame" "<Anonymous>" "do.call" "as.data.frame.list" "as.data.frame" "data.frame" "Ops.data.frame" "na.omit" "is.data.frame" "data.matrix" "norm" "FUN" "lapply" "kmeans_skip_nan" "cluster_kmeans_basic" "clust_compare" "eval" "eval" "withVisible" "source" 
"[.data.frame" "[" "na.omit.data.frame" "na.omit" "is.data.frame" "data.matrix" "norm" "FUN" "lapply" "kmeans_skip_nan" "cluster_kmeans_basic" "clust_compare" "eval" "eval" "withVisible" "source" 
"f" "Reduce" "kmeans_skip_nan" "cluster_kmeans_basic" "clust_compare" "eval" "eval" "withVisible" "source" 
"FUN" "lapply" "kmeans_skip_nan" "cluster_kmeans_basic" "clust_compare" "eval" "eval" "withVisible" "source" 
"data.frame" "FUN" "lapply" "kmeans_skip_nan" "cluster_kmeans_basic" "clust_compare" "eval" "eval" "withVisible" "source" 
"data.frame" "Ops.data.frame" "na.omit" "is.data.frame" "data.matrix" "norm" "FUN" "lapply" "kmeans_skip_nan" "cluster_kmeans_basic" "clust_compare" "eval" "eval" "withVisible" "source" 
"structure" "as.data.frame.numeric" "as.data.frame" "<Anonymous>" "do.call" "as.data.frame.list" "as.data.frame" "data.frame" "Ops.data.frame" "na.omit" "is.data.frame" "data.matrix" "norm" "FUN" "lapply" "kmeans_skip_nan" "cluster_kmeans_basic" "clust_compare" "eval" "eval" "withVisible" "source" 
"list" "as.data.frame.list" "as.data.frame" "data.frame" "Ops.data.frame" "na.omit" "is.data.frame" "data.matrix" "norm" "FUN" "lapply" "kmeans_skip_nan" "cluster_kmeans_basic" "clust_compare" "eval" "eval" "withVisible" "source" 
".deparseOpts" "deparse" "mode" "%in%" "deparse" "paste" "deparse1" "force" "as.data.frame.numeric" "as.data.frame" "<Anonymous>" "do.call" "as.data.frame.list" "as.data.frame" "data.frame" "Ops.data.frame" "na.omit" "is.data.frame" "data.matrix" "norm" "FUN" "lapply" "kmeans_skip_nan" "cluster_kmeans_basic" "clust_compare" "eval" "eval" "withVisible" "source" 
"as.list.default" "as.list" "<Anonymous>" "do.call" "as.data.frame.list" "as.data.frame" "data.frame" "Ops.data.frame" "na.omit" "is.data.frame" "data.matrix" "norm" "FUN" "lapply" "kmeans_skip_nan" "cluster_kmeans_basic" "clust_compare" "eval" "eval" "withVisible" "source" 
"data.frame" "Ops.data.frame" "na.omit" "is.data.frame" "data.matrix" "norm" "FUN" "lapply" "kmeans_skip_nan" "cluster_kmeans_basic" "clust_compare" "eval" "eval" "withVisible" "source" 
"deparse1" "force" "as.data.frame.numeric" "as.data.frame" "<Anonymous>" "do.call" "as.data.frame.list" "as.data.frame" "data.frame" "Ops.data.frame" "na.omit" "is.data.frame" "data.matrix" "norm" "FUN" "lapply" "kmeans_skip_nan" "cluster_kmeans_basic" "clust_compare" "eval" "eval" "withVisible" "source" 
"unlist" "data.matrix" "norm" "FUN" "lapply" "kmeans_skip_nan" "cluster_kmeans_basic" "clust_compare" "eval" "eval" "withVisible" "source" 
"as.list" "lapply" "unlist" "data.matrix" "norm" "FUN" "lapply" "kmeans_skip_nan" "cluster_kmeans_basic" "clust_compare" "eval" "eval" "withVisible" "source" 
"[[.data.frame" "[[" "[.data.frame" "[" "na.omit" "is.data.frame" "data.matrix" "norm" "FUN" "lapply" "kmeans_skip_nan" "cluster_kmeans_basic" "clust_compare" "eval" "eval" "withVisible" "source" 
"[.data.frame" "[" "na.omit.data.frame" "na.omit" "is.data.frame" "data.matrix" "norm" "FUN" "lapply" "kmeans_skip_nan" "cluster_kmeans_basic" "clust_compare" "eval" "eval" "withVisible" "source" 
"anyDuplicated" "[.data.frame" "[" "na.omit.data.frame" "na.omit" "is.data.frame" "data.matrix" "norm" "FUN" "lapply" "kmeans_skip_nan" "cluster_kmeans_basic" "clust_compare" "eval" "eval" "withVisible" "source" 
"na.omit.data.frame" "na.omit" "is.data.frame" "data.matrix" "norm" "FUN" "lapply" "kmeans_skip_nan" "cluster_kmeans_basic" "clust_compare" "eval" "eval" "withVisible" "source" 
"paste" "deparse1" "force" "as.data.frame.numeric" "as.data.frame" "<Anonymous>" "do.call" "as.data.frame.list" "as.data.frame" "data.frame" "Ops.data.frame" "na.omit" "is.data.frame" "data.matrix" "norm" "FUN" "lapply" "kmeans_skip_nan" "cluster_kmeans_basic" "clust_compare" "eval" "eval" "withVisible" "source" 
"as.data.frame.numeric" "as.data.frame" "<Anonymous>" "do.call" "as.data.frame.list" "as.data.frame" "data.frame" "Ops.data.frame" "na.omit" "is.data.frame" "data.matrix" "norm" "FUN" "lapply" "kmeans_skip_nan" "cluster_kmeans_basic" "clust_compare" "eval" "eval" "withVisible" "source" 
"[[" "Ops.data.frame" "na.omit" "is.data.frame" "data.matrix" "norm" "FUN" "lapply" "kmeans_skip_nan" "cluster_kmeans_basic" "clust_compare" "eval" "eval" "withVisible" "source" 
".rowNamesDF<-" "row.names<-.data.frame" "row.names<-" "data.frame" "Ops.data.frame" "na.omit" "is.data.frame" "data.matrix" "norm" "FUN" "lapply" "kmeans_skip_nan" "cluster_kmeans_basic" "clust_compare" "eval" "eval" "withVisible" "source" 
"as.list" "data.frame" "FUN" "lapply" "kmeans_skip_nan" "cluster_kmeans_basic" "clust_compare" "eval" "eval" "withVisible" "source" 
"deparse" "mode" "%in%" "deparse" "paste" "deparse1" "force" "as.data.frame.numeric" "as.data.frame" "data.frame" "FUN" "lapply" "kmeans_skip_nan" "cluster_kmeans_basic" "clust_compare" "eval" "eval" "withVisible" "source" 
"[" "na.omit" "is.data.frame" "data.matrix" "norm" "FUN" "lapply" "kmeans_skip_nan" "cluster_kmeans_basic" "clust_compare" "eval" "eval" "withVisible" "source" 
"as.data.frame.numeric" "as.data.frame" "<Anonymous>" "do.call" "as.data.frame.list" "as.data.frame" "data.frame" "Ops.data.frame" "na.omit" "is.data.frame" "data.matrix" "norm" "FUN" "lapply" "kmeans_skip_nan" "cluster_kmeans_basic" "clust_compare" "eval" "eval" "withVisible" "source" 
"pmatch" "[.data.frame" "[" "FUN" "lapply" "kmeans_skip_nan" "cluster_kmeans_basic" "clust_compare" "eval" "eval" "withVisible" "source" 
"names" "%in%" "[[.data.frame" "[[" "rbind" "f" "Reduce" "kmeans_skip_nan" "cluster_kmeans_basic" "clust_compare" "eval" "eval" "withVisible" "source" 
"append" "FUN" "lapply" "FUN" "lapply" "findLocalsList1" "findLocalsList" "funEnv" "make.functionContext" "cmpfun" "doTryCatch" "tryCatchOne" "tryCatchList" "tryCatch" "compiler:::tryCmpfun" "clust_prob_calc" ".External2" "%>%" "cluster_kmeans_basic" "clust_compare" "eval" "eval" "withVisible" "source" 
"cb$const" "codeBufCode" "genCode" "cb$putconst" "cmpCallArgs" "cmpCallSymFun" "cmpCall" "cmp" "cmpSymbolAssign" "h" "tryInline" "cmpCall" "cmp" "h" "tryInline" "cmpCall" "cmp" "genCode" "cmpfun" "doTryCatch" "tryCatchOne" "tryCatchList" "tryCatch" "compiler:::tryCmpfun" "FUN" "lapply" "clust_score" "clust_compare" "eval" "eval" "withVisible" "source" 
"cmp" "cmpPrim2" "h" "tryInline" "cmpCall" "cmp" "cmpBuiltinArgs" "h" "tryInline" "cmpCall" "cmp" "cmpSymbolAssign" "h" "tryInline" "cmpCall" "cmp" "h" "tryInline" "cmpCall" "cmp" "h" "tryInline" "cmpCall" "cmp" "h" "tryInline" "cmpCall" "cmp" "genCode" "cmpfun" "doTryCatch" "tryCatchOne" "tryCatchList" "tryCatch" "compiler:::tryCmpfun" "FUN" "lapply" "FUN" "lapply" "clust_score" "clust_compare" "eval" "eval" "withVisible" "source" 
"na.omit" "FUN" "lapply" "FUN" "lapply" "clust_score" "clust_compare" "eval" "eval" "withVisible" "source" 
"cmpSym" "cmpBuiltinArgs" "h" "tryInline" "cmpCall" "cmp" "cmpBuiltinArgs" "h" "tryInline" "cmpCall" "cmp" "cmpPrim1" "h" "tryInline" "cmpCall" "cmp" "h" "tryInline" "cmpCall" "cmp" "h" "tryInline" "cmpCall" "cmp" "h" "tryInline" "cmpCall" "cmp" "h" "tryInline" "cmpCall" "cmp" "h" "tryInline" "cmpCall" "cmp" "genCode" "cmpfun" "doTryCatch" "tryCatchOne" "tryCatchList" "tryCatch" "compiler:::tryCmpfun" "FUN" "lapply" "FUN" "lapply" "clust_compare" "eval" "eval" "withVisible" "source" 
"[.data.frame" "[" "as.matrix" "FUN" "lapply" "FUN" "lapply" "clust_compare" "eval" "eval" "withVisible" "source" 
"setTimeLimit" ".rs.withTimeLimit" ".rs.valueFromStr" ".rs.valueDescriptionImpl" "doTryCatch" "tryCatchOne" "tryCatchList" "tryCatch" ".rs.valueDescription" ".rs.describeObject" 
"stopifnot" "modifyList" "str.default" "str" "doTryCatch" "tryCatchOne" "tryCatchList" "tryCatch" "try" "...elt" "withVisible" "capture.output" "doTryCatch" "tryCatchOne" "tryCatchList" "tryCatch" ".rs.withTimeLimit" ".rs.valueFromStr" ".rs.valueDescriptionImpl" "doTryCatch" "tryCatchOne" "tryCatchList" "tryCatch" ".rs.valueDescription" ".rs.describeObject" 
"topenv" "getPackageName" "isTRUE" "getClassDef" "is" ".rs.valueDescriptionImpl" "doTryCatch" "tryCatchOne" "tryCatchList" "tryCatch" ".rs.valueDescription" ".rs.describeObject" 
".rs.valueDescriptionImpl" "doTryCatch" "tryCatchOne" "tryCatchList" "tryCatch" ".rs.valueDescription" ".rs.describeObject" 
"deparse" "base::format.default" ".rs.format" ".rs.getSignature" ".rs.valueAsStringImpl" "doTryCatch" "tryCatchOne" "tryCatchList" "tryCatch" ".rs.valueAsString" ".rs.describeObject" 
"deparse" ".rs.deparse" "nchar" ".rs.truncate" ".rs.valueAsStringImpl" "doTryCatch" "tryCatchOne" "tryCatchList" "tryCatch" ".rs.valueAsString" ".rs.describeObject" 
"textConnection" "capture.output" "doTryCatch" "tryCatchOne" "tryCatchList" "tryCatch" ".rs.withTimeLimit" ".rs.valueFromStr" ".rs.valueDescriptionImpl" "doTryCatch" "tryCatchOne" "tryCatchList" "tryCatch" ".rs.valueDescription" ".rs.describeObject" 
"strSub" "str.default" "NextMethod" "str.data.frame" "str" "doTryCatch" "tryCatchOne" "tryCatchList" "tryCatch" "try" "...elt" "withVisible" "capture.output" "doTryCatch" "tryCatchOne" "tryCatchList" "tryCatch" ".rs.withTimeLimit" ".rs.valueFromStr" ".rs.valueContentsImpl" "doTryCatch" "tryCatchOne" "tryCatchList" "tryCatch" ".rs.valueContents" ".rs.describeObject" 
"encodeString" "str.default" "str" "<Anonymous>" "do.call" "strSub" "str.default" "NextMethod" "str.data.frame" "str" "doTryCatch" "tryCatchOne" "tryCatchList" "tryCatch" "try" "...elt" "withVisible" "capture.output" "doTryCatch" "tryCatchOne" "tryCatchList" "tryCatch" ".rs.withTimeLimit" ".rs.valueFromStr" ".rs.valueContentsImpl" "doTryCatch" "tryCatchOne" "tryCatchList" "tryCatch" ".rs.valueContents" ".rs.describeObject" 
"stopifnot" "modifyList" "str.default" "str" "<Anonymous>" "do.call" "strSub" "str.default" "NextMethod" "str.data.frame" "str" "doTryCatch" "tryCatchOne" "tryCatchList" "tryCatch" "try" "...elt" "withVisible" "capture.output" "doTryCatch" "tryCatchOne" "tryCatchList" "tryCatch" ".rs.withTimeLimit" ".rs.valueFromStr" ".rs.valueContentsImpl" "doTryCatch" "tryCatchOne" "tryCatchList" "tryCatch" ".rs.valueContents" ".rs.describeObject" 
"gc" "closeAllConnections" "sys.save.image" 
"gc" "closeAllConnections" "sys.save.image" 
"gc" "closeAllConnections" "sys.save.image" 
"gc" "closeAllConnections" "sys.save.image" 
"gc" "closeAllConnections" "sys.save.image" 
"gc" "closeAllConnections" "sys.save.image" 
"gc" "closeAllConnections" "sys.save.image" 
"gc" "closeAllConnections" "sys.save.image" 
"gc" "closeAllConnections" "sys.save.image" 
"save" "save.image" "sys.save.image" 
"save" "save.image" "sys.save.image" 
"save" "save.image" "sys.save.image" 
"save" "save.image" "sys.save.image" 
"save" "save.image" "sys.save.image" 
"save" "save.image" "sys.save.image" 
"makeRestartList" "withRestarts" ".signalSimpleWarning" "rm" "withCallingHandlers" "suppressWarnings" ".rs.saveCachedData" 
